This file contains any messages produced by compilers while
running configure, to aid debugging if configure makes a mistake.

It was created by newlib configure 2.2.0, which was
generated by GNU Autoconf 2.68.  Invocation command line was

  $ ../../../../../newlib/src/newlib/libc/sys/configure --disable-option-checking --prefix=/home/seed/Downloads/med/worksheet6 --with-newlib --with-cross-host=i686-pc-linux-gnu --disable-newlib-supplied-syscalls --with-gnu-as --with-gnu-ld --enable-multilib=no --program-transform-name=s&^&arm-none-eabi-& --with-target-subdir=arm-none-eabi --build=i686-pc-linux-gnu --host=arm-none-eabi --target=arm-none-eabi build_alias=i686-pc-linux-gnu host_alias=arm-none-eabi target_alias=arm-none-eabi CCASFLAGS=-march=armv7-m -mcpu=cortex-m3 -mthumb -mthumb-interwork -D__thumb2__ CC=arm-none-eabi-gcc -B/home/seed/Downloads/med/worksheet6/arm-none-eabi/newlib/ -isystem /home/seed/Downloads/med/worksheet6/arm-none-eabi/newlib/targ-include -isystem /home/seed/Downloads/med/newlib/src/newlib/libc/include -B/home/seed/Downloads/med/worksheet6/arm-none-eabi/libgloss/arm -L/home/seed/Downloads/med/worksheet6/arm-none-eabi/libgloss/libnosys -L/home/seed/Downloads/med/newlib/src/libgloss/arm    CFLAGS=-ffunction-sections -fdata-sections -DPREFER_SIZE_OVER_SPEED -D__OPTIMIZE_SIZE__ -Os -fomit-frame-pointer -march=armv7-m -mcpu=cortex-m3 -mthumb -mthumb-interwork -D__thumb2__ -D__BUFSIZ__=256 LDFLAGS= CPPFLAGS= --cache-file=../.././config.cache --srcdir=../../../../../newlib/src/newlib/libc/sys

## --------- ##
## Platform. ##
## --------- ##

hostname = VM
uname -m = i686
uname -r = 4.8.0-36-generic
uname -s = Linux
uname -v = #36~16.04.1-Ubuntu SMP Sun Feb 5 09:39:41 UTC 2017

/usr/bin/uname -p = unknown
/bin/uname -X     = unknown

/bin/arch              = unknown
/usr/bin/arch -k       = unknown
/usr/convex/getsysinfo = unknown
/usr/bin/hostinfo      = unknown
/bin/machine           = unknown
/usr/bin/oslevel       = unknown
/bin/universe          = unknown

PATH: /home/seed/bin
PATH: /usr/local/sbin
PATH: /usr/local/bin
PATH: /usr/sbin
PATH: /usr/bin
PATH: /sbin
PATH: /bin
PATH: /usr/games
PATH: /usr/local/games
PATH: .
PATH: /snap/bin
PATH: /usr/lib/jvm/java-8-oracle/bin
PATH: /usr/lib/jvm/java-8-oracle/db/bin
PATH: /usr/lib/jvm/java-8-oracle/jre/bin
PATH: /home/seed/android/android-sdk-linux/tools
PATH: /home/seed/android/android-sdk-linux/platform-tools
PATH: /home/seed/android/android-ndk/android-ndk-r8d
PATH: /home/seed/.local/bin


## ----------- ##
## Core tests. ##
## ----------- ##

configure:2082: loading cache ../.././config.cache
configure:2200: checking build system type
configure:2214: result: i686-pc-linux-gnu
configure:2234: checking host system type
configure:2247: result: arm-none-eabi
configure:2283: checking for a BSD-compatible install
configure:2351: result: /usr/bin/install -c
configure:2362: checking whether build environment is sane
configure:2412: result: yes
configure:2461: checking for arm-none-eabi-strip
configure:2488: result: arm-none-eabi-strip
configure:2553: checking for a thread-safe mkdir -p
configure:2592: result: /bin/mkdir -p
configure:2605: checking for gawk
configure:2632: result: mawk
configure:2643: checking whether make sets $(MAKE)
configure:2665: result: yes
configure:2695: checking for style of include used by make
configure:2723: result: GNU
configure:2933: checking for gcc
configure:2960: result: arm-none-eabi-gcc -B/home/seed/Downloads/med/worksheet6/arm-none-eabi/newlib/ -isystem /home/seed/Downloads/med/worksheet6/arm-none-eabi/newlib/targ-include -isystem /home/seed/Downloads/med/newlib/src/newlib/libc/include -B/home/seed/Downloads/med/worksheet6/arm-none-eabi/libgloss/arm -L/home/seed/Downloads/med/worksheet6/arm-none-eabi/libgloss/libnosys -L/home/seed/Downloads/med/newlib/src/libgloss/arm   
configure:2971: checking dependency style of arm-none-eabi-gcc -B/home/seed/Downloads/med/worksheet6/arm-none-eabi/newlib/ -isystem /home/seed/Downloads/med/worksheet6/arm-none-eabi/newlib/targ-include -isystem /home/seed/Downloads/med/newlib/src/newlib/libc/include -B/home/seed/Downloads/med/worksheet6/arm-none-eabi/libgloss/arm -L/home/seed/Downloads/med/worksheet6/arm-none-eabi/libgloss/libnosys -L/home/seed/Downloads/med/newlib/src/libgloss/arm   
configure:3082: result: gcc3
configure:3155: checking whether we are using GNU C
configure:3176: result: yes
configure:3185: checking whether arm-none-eabi-gcc -B/home/seed/Downloads/med/worksheet6/arm-none-eabi/newlib/ -isystem /home/seed/Downloads/med/worksheet6/arm-none-eabi/newlib/targ-include -isystem /home/seed/Downloads/med/newlib/src/newlib/libc/include -B/home/seed/Downloads/med/worksheet6/arm-none-eabi/libgloss/arm -L/home/seed/Downloads/med/worksheet6/arm-none-eabi/libgloss/libnosys -L/home/seed/Downloads/med/newlib/src/libgloss/arm    accepts -g
configure:3246: result: no
configure:3279: checking for arm-none-eabi-as
configure:3306: result: arm-none-eabi-as
configure:3371: checking for arm-none-eabi-ar
configure:3398: result: arm-none-eabi-ar
configure:3463: checking for arm-none-eabi-ranlib
configure:3490: result: arm-none-eabi-ranlib
configure:3555: checking for arm-none-eabi-readelf
configure:3582: result: arm-none-eabi-readelf
configure:3651: checking whether to enable maintainer-specific portions of Makefiles
configure:3660: result: no
configure:3770: checking for a sed that does not truncate output
configure:3834: result: /bin/sed
configure:3856: checking how to print strings
configure:3883: result: printf
configure:12088: creating ./config.status

## ---------------------- ##
## Running config.status. ##
## ---------------------- ##

This file was extended by newlib config.status 2.2.0, which was
generated by GNU Autoconf 2.68.  Invocation command line was

  CONFIG_FILES    = 
  CONFIG_HEADERS  = 
  CONFIG_LINKS    = 
  CONFIG_COMMANDS = 
  $ ./config.status 

on VM

config.status:1035: creating Makefile
config.status:1192: executing depfiles commands
configure:14207: === configuring in arm (/home/seed/Downloads/med/worksheet6/arm-none-eabi/newlib/libc/sys/arm)
configure:14270: running /bin/bash ../../../../../../newlib/src/newlib/libc/sys/arm/configure --disable-option-checking '--prefix=/home/seed/Downloads/med/worksheet6'  '--with-newlib' '--with-cross-host=i686-pc-linux-gnu' '--disable-newlib-supplied-syscalls' '--with-gnu-as' '--with-gnu-ld' '--enable-multilib=no' '--program-transform-name=s&^&arm-none-eabi-&' '--with-target-subdir=arm-none-eabi' '--build=i686-pc-linux-gnu' '--host=arm-none-eabi' '--target=arm-none-eabi' 'build_alias=i686-pc-linux-gnu' 'host_alias=arm-none-eabi' 'target_alias=arm-none-eabi' 'CCASFLAGS=-march=armv7-m -mcpu=cortex-m3 -mthumb -mthumb-interwork -D__thumb2__' 'CC=arm-none-eabi-gcc -B/home/seed/Downloads/med/worksheet6/arm-none-eabi/newlib/ -isystem /home/seed/Downloads/med/worksheet6/arm-none-eabi/newlib/targ-include -isystem /home/seed/Downloads/med/newlib/src/newlib/libc/include -B/home/seed/Downloads/med/worksheet6/arm-none-eabi/libgloss/arm -L/home/seed/Downloads/med/worksheet6/arm-none-eabi/libgloss/libnosys -L/home/seed/Downloads/med/newlib/src/libgloss/arm   ' 'CFLAGS=-ffunction-sections -fdata-sections -DPREFER_SIZE_OVER_SPEED -D__OPTIMIZE_SIZE__ -Os -fomit-frame-pointer -march=armv7-m -mcpu=cortex-m3 -mthumb -mthumb-interwork -D__thumb2__ -D__BUFSIZ__=256' 'LDFLAGS=' 'CPPFLAGS=' --cache-file=../../.././config.cache --srcdir=../../../../../../newlib/src/newlib/libc/sys/arm

## ---------------- ##
## Cache variables. ##
## ---------------- ##

ac_cv_build=i686-pc-linux-gnu
ac_cv_c_compiler_gnu=yes
ac_cv_env_CCASFLAGS_set=set
ac_cv_env_CCASFLAGS_value='-march=armv7-m -mcpu=cortex-m3 -mthumb -mthumb-interwork -D__thumb2__'
ac_cv_env_CCAS_set=
ac_cv_env_CCAS_value=
ac_cv_env_CC_set=set
ac_cv_env_CC_value='arm-none-eabi-gcc -B/home/seed/Downloads/med/worksheet6/arm-none-eabi/newlib/ -isystem /home/seed/Downloads/med/worksheet6/arm-none-eabi/newlib/targ-include -isystem /home/seed/Downloads/med/newlib/src/newlib/libc/include -B/home/seed/Downloads/med/worksheet6/arm-none-eabi/libgloss/arm -L/home/seed/Downloads/med/worksheet6/arm-none-eabi/libgloss/libnosys -L/home/seed/Downloads/med/newlib/src/libgloss/arm   '
ac_cv_env_CFLAGS_set=set
ac_cv_env_CFLAGS_value='-ffunction-sections -fdata-sections -DPREFER_SIZE_OVER_SPEED -D__OPTIMIZE_SIZE__ -Os -fomit-frame-pointer -march=armv7-m -mcpu=cortex-m3 -mthumb -mthumb-interwork -D__thumb2__ -D__BUFSIZ__=256'
ac_cv_env_CPPFLAGS_set=set
ac_cv_env_CPPFLAGS_value=
ac_cv_env_CPP_set=
ac_cv_env_CPP_value=
ac_cv_env_LDFLAGS_set=set
ac_cv_env_LDFLAGS_value=
ac_cv_env_LIBS_set=
ac_cv_env_LIBS_value=
ac_cv_env_build_alias_set=set
ac_cv_env_build_alias_value=i686-pc-linux-gnu
ac_cv_env_host_alias_set=set
ac_cv_env_host_alias_value=arm-none-eabi
ac_cv_env_target_alias_set=set
ac_cv_env_target_alias_value=arm-none-eabi
ac_cv_host=arm-none-eabi
ac_cv_path_SED=/bin/sed
ac_cv_path_mkdir=/bin/mkdir
ac_cv_prog_AR=arm-none-eabi-ar
ac_cv_prog_AS=arm-none-eabi-as
ac_cv_prog_AWK=mawk
ac_cv_prog_CC='arm-none-eabi-gcc -B/home/seed/Downloads/med/worksheet6/arm-none-eabi/newlib/ -isystem /home/seed/Downloads/med/worksheet6/arm-none-eabi/newlib/targ-include -isystem /home/seed/Downloads/med/newlib/src/newlib/libc/include -B/home/seed/Downloads/med/worksheet6/arm-none-eabi/libgloss/arm -L/home/seed/Downloads/med/worksheet6/arm-none-eabi/libgloss/libnosys -L/home/seed/Downloads/med/newlib/src/libgloss/arm   '
ac_cv_prog_RANLIB=arm-none-eabi-ranlib
ac_cv_prog_READELF=arm-none-eabi-readelf
ac_cv_prog_STRIP=arm-none-eabi-strip
ac_cv_prog_cc_g=no
ac_cv_prog_make_make_set=yes
acnewlib_cv_armv7_processor=no
acnewlib_cv_armv7a_processor=no
acnewlib_cv_armv7m_processor=yes
acnewlib_cv_opt_size=yes
acnewlib_cv_thumb1_processor=no
acnewlib_cv_type_long_double=yes
am_cv_CC_dependencies_compiler_type=gcc3
libc_cv_cc_loop_to_function=yes
libc_cv_initfinit_array=yes
newlib_cv_ldbl_eq_dbl=yes
newlib_cv_uintptr_eq_ulong=no
newlib_cv_uintptr_eq_ulonglong=no

## ----------------- ##
## Output variables. ##
## ----------------- ##

ACLOCAL='${SHELL} /home/seed/Downloads/med/newlib/src/missing --run aclocal-1.11'
AMDEPBACKSLASH='\'
AMDEP_FALSE='#'
AMDEP_TRUE=''
AMTAR='$${TAR-tar}'
AR='arm-none-eabi-ar'
AS='arm-none-eabi-as'
AUTOCONF='${SHELL} /home/seed/Downloads/med/newlib/src/missing --run autoconf'
AUTOHEADER='${SHELL} /home/seed/Downloads/med/newlib/src/missing --run autoheader'
AUTOMAKE='${SHELL} /home/seed/Downloads/med/newlib/src/missing --run automake-1.11'
AWK='mawk'
CC='arm-none-eabi-gcc -B/home/seed/Downloads/med/worksheet6/arm-none-eabi/newlib/ -isystem /home/seed/Downloads/med/worksheet6/arm-none-eabi/newlib/targ-include -isystem /home/seed/Downloads/med/newlib/src/newlib/libc/include -B/home/seed/Downloads/med/worksheet6/arm-none-eabi/libgloss/arm -L/home/seed/Downloads/med/worksheet6/arm-none-eabi/libgloss/libnosys -L/home/seed/Downloads/med/newlib/src/libgloss/arm   '
CCAS='arm-none-eabi-gcc -B/home/seed/Downloads/med/worksheet6/arm-none-eabi/newlib/ -isystem /home/seed/Downloads/med/worksheet6/arm-none-eabi/newlib/targ-include -isystem /home/seed/Downloads/med/newlib/src/newlib/libc/include -B/home/seed/Downloads/med/worksheet6/arm-none-eabi/libgloss/arm -L/home/seed/Downloads/med/worksheet6/arm-none-eabi/libgloss/libnosys -L/home/seed/Downloads/med/newlib/src/libgloss/arm   '
CCASFLAGS='-march=armv7-m -mcpu=cortex-m3 -mthumb -mthumb-interwork -D__thumb2__'
CCDEPMODE='depmode=gcc3'
CFLAGS='-ffunction-sections -fdata-sections -DPREFER_SIZE_OVER_SPEED -D__OPTIMIZE_SIZE__ -Os -fomit-frame-pointer -march=armv7-m -mcpu=cortex-m3 -mthumb -mthumb-interwork -D__thumb2__ -D__BUFSIZ__=256'
CPP=''
CPPFLAGS=''
CRT0=''
CYGPATH_W='echo'
DEFS='-DPACKAGE_NAME=\"newlib\" -DPACKAGE_TARNAME=\"newlib\" -DPACKAGE_VERSION=\"2.2.0\" -DPACKAGE_STRING=\"newlib\ 2.2.0\" -DPACKAGE_BUGREPORT=\"\" -DPACKAGE_URL=\"\"'
DEPDIR='.deps'
DLLTOOL='arm-none-eabi-dlltool'
DSYMUTIL=''
DUMPBIN=''
ECHO_C=''
ECHO_N='-n'
ECHO_T=''
EGREP=''
ELIX_LEVEL_0_FALSE='#'
ELIX_LEVEL_0_TRUE=''
ELIX_LEVEL_1_FALSE=''
ELIX_LEVEL_1_TRUE='#'
ELIX_LEVEL_2_FALSE=''
ELIX_LEVEL_2_TRUE='#'
ELIX_LEVEL_3_FALSE=''
ELIX_LEVEL_3_TRUE='#'
ELIX_LEVEL_4_FALSE=''
ELIX_LEVEL_4_TRUE='#'
EXEEXT=''
FGREP=''
GREP=''
HAVE_SYS_DIR_FALSE='#'
HAVE_SYS_DIR_TRUE=''
INSTALL_DATA='/usr/bin/install -c -m 644'
INSTALL_PROGRAM='/usr/bin/install -c'
INSTALL_SCRIPT='/usr/bin/install -c'
INSTALL_STRIP_PROGRAM='$(install_sh) -c -s'
LD='arm-none-eabi-ld'
LDFLAGS=''
LIBOBJS=''
LIBS=''
LIBTOOL=''
LIPO='arm-none-eabi-lipo'
LN_S=''
LTLIBOBJS=''
MAINT='#'
MAINTAINER_MODE_FALSE=''
MAINTAINER_MODE_TRUE='#'
MAKEINFO='makeinfo --split-size=5000000'
MAY_SUPPLY_SYSCALLS_FALSE=''
MAY_SUPPLY_SYSCALLS_TRUE='#'
MKDIR_P='/bin/mkdir -p'
NEWLIB_CFLAGS=' -D__NO_SYSCALLS__ -fno-builtin'
NM='arm-none-eabi-nm'
NMEDIT=''
NO_INCLUDE_LIST=' rpc/types.h rpc/xdr.h'
OBJDUMP='arm-none-eabi-objdump'
OBJEXT='o'
OTOOL64=''
OTOOL=''
PACKAGE='newlib'
PACKAGE_BUGREPORT=''
PACKAGE_NAME='newlib'
PACKAGE_STRING='newlib 2.2.0'
PACKAGE_TARNAME='newlib'
PACKAGE_URL=''
PACKAGE_VERSION='2.2.0'
PATH_SEPARATOR=':'
RANLIB='arm-none-eabi-ranlib'
READELF='arm-none-eabi-readelf'
SED='/bin/sed'
SET_MAKE=''
SHELL='/bin/bash'
STRIP='arm-none-eabi-strip'
USE_LIBTOOL_FALSE=''
USE_LIBTOOL_TRUE='#'
VERSION='2.2.0'
ac_ct_CC=''
ac_ct_DUMPBIN=''
aext='a'
am__EXEEXT_FALSE=''
am__EXEEXT_TRUE='#'
am__fastdepCC_FALSE='#'
am__fastdepCC_TRUE=''
am__include='include'
am__isrc=' -I$(srcdir)'
am__leading_dot='.'
am__nodep='_no'
am__quote=''
am__tar='$${TAR-tar} chof - "$$tardir"'
am__untar='$${TAR-tar} xf -'
bindir='${exec_prefix}/bin'
build='i686-pc-linux-gnu'
build_alias='i686-pc-linux-gnu'
build_cpu='i686'
build_os='linux-gnu'
build_vendor='pc'
datadir='${datarootdir}'
datarootdir='${prefix}/share'
docdir='${datarootdir}/doc/${PACKAGE_TARNAME}'
dvidir='${docdir}'
exec_prefix='${prefix}'
host='arm-none-eabi'
host_alias='arm-none-eabi'
host_cpu='arm'
host_os='eabi'
host_vendor='none'
htmldir='${docdir}'
includedir='${prefix}/include'
infodir='${datarootdir}/info'
install_sh='${SHELL} /home/seed/Downloads/med/newlib/src/install-sh'
libdir='${exec_prefix}/lib'
libexecdir='${exec_prefix}/libexec'
libm_machine_dir='arm'
localedir='${datarootdir}/locale'
localstatedir='${prefix}/var'
lpfx='lib_a-'
machine_dir='arm'
mandir='${datarootdir}/man'
mkdir_p='/bin/mkdir -p'
newlib_basedir='../../../../../newlib/src/newlib/libc/sys/../..'
oext='o'
oldincludedir='/usr/include'
pdfdir='${docdir}'
prefix='/home/seed/Downloads/med/worksheet6'
program_transform_name='s&^&arm-none-eabi-&'
psdir='${docdir}'
sbindir='${exec_prefix}/sbin'
sharedstatedir='${prefix}/com'
subdirs=' arm'
sys_dir='arm'
sysconfdir='${prefix}/etc'
target_alias='arm-none-eabi'

## ----------- ##
## confdefs.h. ##
## ----------- ##

/* confdefs.h */
#define PACKAGE_NAME "newlib"
#define PACKAGE_TARNAME "newlib"
#define PACKAGE_VERSION "2.2.0"
#define PACKAGE_STRING "newlib 2.2.0"
#define PACKAGE_BUGREPORT ""
#define PACKAGE_URL ""

configure: exit 0
