This file contains any messages produced by compilers while
running configure, to aid debugging if configure makes a mistake.

It was created by libgloss configure LIBGLOSS_VERSION, which was
generated by GNU Autoconf 2.68.  Invocation command line was

  $ /home/seed/Downloads/med/newlib/src/libgloss/configure --cache-file=./config.cache --with-newlib --with-cross-host=i686-pc-linux-gnu --disable-newlib-supplied-syscalls -prefix=/home/seed/Downloads/med/worksheet6 --with-gnu-as --with-gnu-ld --enable-multilib=no --program-transform-name=s&^&arm-none-eabi-& --disable-option-checking --with-target-subdir=arm-none-eabi --build=i686-pc-linux-gnu --host=arm-none-eabi --target=arm-none-eabi --srcdir=../../../newlib/src/libgloss

## --------- ##
## Platform. ##
## --------- ##

hostname = VM
uname -m = i686
uname -r = 4.8.0-36-generic
uname -s = Linux
uname -v = #36~16.04.1-Ubuntu SMP Sun Feb 5 09:39:41 UTC 2017

/usr/bin/uname -p = unknown
/bin/uname -X     = unknown

/bin/arch              = unknown
/usr/bin/arch -k       = unknown
/usr/convex/getsysinfo = unknown
/usr/bin/hostinfo      = unknown
/bin/machine           = unknown
/usr/bin/oslevel       = unknown
/bin/universe          = unknown

PATH: /home/seed/bin
PATH: /usr/local/sbin
PATH: /usr/local/bin
PATH: /usr/sbin
PATH: /usr/bin
PATH: /sbin
PATH: /bin
PATH: /usr/games
PATH: /usr/local/games
PATH: .
PATH: /snap/bin
PATH: /usr/lib/jvm/java-8-oracle/bin
PATH: /usr/lib/jvm/java-8-oracle/db/bin
PATH: /usr/lib/jvm/java-8-oracle/jre/bin
PATH: /home/seed/android/android-sdk-linux/tools
PATH: /home/seed/android/android-sdk-linux/platform-tools
PATH: /home/seed/android/android-ndk/android-ndk-r8d
PATH: /home/seed/.local/bin


## ----------- ##
## Core tests. ##
## ----------- ##

configure:1734: creating cache ./config.cache
configure:1866: checking for a BSD-compatible install
configure:1934: result: /usr/bin/install -c
configure:1950: checking build system type
configure:1964: result: i686-pc-linux-gnu
configure:1984: checking host system type
configure:1997: result: arm-none-eabi
configure:2017: checking target system type
configure:2030: result: arm-none-eabi
configure:2058: checking whether build environment is sane
configure:2095: result: yes
configure:2157: checking for gawk
configure:2184: result: mawk
configure:2195: checking whether make sets $(MAKE)
configure:2217: result: yes
configure:2282: checking for arm-none-eabi-strip
configure:2309: result: arm-none-eabi-strip
configure:2593: checking for style of include used by make
configure:2621: result: GNU
configure:2648: checking for gcc
configure:2675: result: arm-none-eabi-gcc -B/home/seed/Downloads/med/worksheet6/arm-none-eabi/newlib/ -isystem /home/seed/Downloads/med/worksheet6/arm-none-eabi/newlib/targ-include -isystem /home/seed/Downloads/med/newlib/src/newlib/libc/include -B/home/seed/Downloads/med/worksheet6/arm-none-eabi/libgloss/arm -L/home/seed/Downloads/med/worksheet6/arm-none-eabi/libgloss/libnosys -L/home/seed/Downloads/med/newlib/src/libgloss/arm   
configure:2686: checking dependency style of arm-none-eabi-gcc -B/home/seed/Downloads/med/worksheet6/arm-none-eabi/newlib/ -isystem /home/seed/Downloads/med/worksheet6/arm-none-eabi/newlib/targ-include -isystem /home/seed/Downloads/med/newlib/src/newlib/libc/include -B/home/seed/Downloads/med/worksheet6/arm-none-eabi/libgloss/arm -L/home/seed/Downloads/med/worksheet6/arm-none-eabi/libgloss/libnosys -L/home/seed/Downloads/med/newlib/src/libgloss/arm   
configure:2776: result: gcc3
configure:2851: checking whether we are using GNU C
configure:2862: arm-none-eabi-gcc -B/home/seed/Downloads/med/worksheet6/arm-none-eabi/newlib/ -isystem /home/seed/Downloads/med/worksheet6/arm-none-eabi/newlib/targ-include -isystem /home/seed/Downloads/med/newlib/src/newlib/libc/include -B/home/seed/Downloads/med/worksheet6/arm-none-eabi/libgloss/arm -L/home/seed/Downloads/med/worksheet6/arm-none-eabi/libgloss/libnosys -L/home/seed/Downloads/med/newlib/src/libgloss/arm    -E conftest.c
configure:2865: $? = 0
configure:2872: result: yes
configure:2882: checking whether arm-none-eabi-gcc -B/home/seed/Downloads/med/worksheet6/arm-none-eabi/newlib/ -isystem /home/seed/Downloads/med/worksheet6/arm-none-eabi/newlib/targ-include -isystem /home/seed/Downloads/med/newlib/src/newlib/libc/include -B/home/seed/Downloads/med/worksheet6/arm-none-eabi/libgloss/arm -L/home/seed/Downloads/med/worksheet6/arm-none-eabi/libgloss/libnosys -L/home/seed/Downloads/med/newlib/src/libgloss/arm    accepts -g
configure:2902: arm-none-eabi-gcc -B/home/seed/Downloads/med/worksheet6/arm-none-eabi/newlib/ -isystem /home/seed/Downloads/med/worksheet6/arm-none-eabi/newlib/targ-include -isystem /home/seed/Downloads/med/newlib/src/newlib/libc/include -B/home/seed/Downloads/med/worksheet6/arm-none-eabi/libgloss/arm -L/home/seed/Downloads/med/worksheet6/arm-none-eabi/libgloss/libnosys -L/home/seed/Downloads/med/newlib/src/libgloss/arm    -c -g  conftest.c >&5
configure:2902: $? = 0
configure: failed program was:
| /* confdefs.h */
| #define PACKAGE_NAME "libgloss"
| #define PACKAGE_TARNAME "libgloss"
| #define PACKAGE_VERSION "LIBGLOSS_VERSION"
| #define PACKAGE_STRING "libgloss LIBGLOSS_VERSION"
| #define PACKAGE_BUGREPORT ""
| #define PACKAGE_URL ""
| /* end confdefs.h.  */
| 
| int
| main ()
| {
| 
|   ;
|   return 0;
| }
configure:2917: arm-none-eabi-gcc -B/home/seed/Downloads/med/worksheet6/arm-none-eabi/newlib/ -isystem /home/seed/Downloads/med/worksheet6/arm-none-eabi/newlib/targ-include -isystem /home/seed/Downloads/med/newlib/src/newlib/libc/include -B/home/seed/Downloads/med/worksheet6/arm-none-eabi/libgloss/arm -L/home/seed/Downloads/med/worksheet6/arm-none-eabi/libgloss/libnosys -L/home/seed/Downloads/med/newlib/src/libgloss/arm    -c   conftest.c >&5
configure:2917: $? = 0
configure: failed program was:
| /* confdefs.h */
| #define PACKAGE_NAME "libgloss"
| #define PACKAGE_TARNAME "libgloss"
| #define PACKAGE_VERSION "LIBGLOSS_VERSION"
| #define PACKAGE_STRING "libgloss LIBGLOSS_VERSION"
| #define PACKAGE_BUGREPORT ""
| #define PACKAGE_URL ""
| /* end confdefs.h.  */
| 
| int
| main ()
| {
| 
|   ;
|   return 0;
| }
configure:2933: arm-none-eabi-gcc -B/home/seed/Downloads/med/worksheet6/arm-none-eabi/newlib/ -isystem /home/seed/Downloads/med/worksheet6/arm-none-eabi/newlib/targ-include -isystem /home/seed/Downloads/med/newlib/src/newlib/libc/include -B/home/seed/Downloads/med/worksheet6/arm-none-eabi/libgloss/arm -L/home/seed/Downloads/med/worksheet6/arm-none-eabi/libgloss/libnosys -L/home/seed/Downloads/med/newlib/src/libgloss/arm    -c -g  conftest.c >&5
configure:2933: $? = 0
configure: failed program was:
| /* confdefs.h */
| #define PACKAGE_NAME "libgloss"
| #define PACKAGE_TARNAME "libgloss"
| #define PACKAGE_VERSION "LIBGLOSS_VERSION"
| #define PACKAGE_STRING "libgloss LIBGLOSS_VERSION"
| #define PACKAGE_BUGREPORT ""
| #define PACKAGE_URL ""
| /* end confdefs.h.  */
| 
| int
| main ()
| {
| 
|   ;
|   return 0;
| }
configure:2943: result: no
configure:2976: checking for ar
configure:3004: result: arm-none-eabi-ar
configure:3019: checking for arm-none-eabi-ranlib
configure:3046: result: arm-none-eabi-ranlib
configure:3196: updating cache ./config.cache
configure:3289: creating ./config.status

## ---------------------- ##
## Running config.status. ##
## ---------------------- ##

This file was extended by libgloss config.status LIBGLOSS_VERSION, which was
generated by GNU Autoconf 2.68.  Invocation command line was

  CONFIG_FILES    = 
  CONFIG_HEADERS  = 
  CONFIG_LINKS    = 
  CONFIG_COMMANDS = 
  $ ./config.status 

on VM

config.status:827: creating Makefile
config.status:983: executing depfiles commands
configure:4531: === configuring in doc (/home/seed/Downloads/med/worksheet6/arm-none-eabi/libgloss/doc)
configure:4594: running /bin/bash ../../../../newlib/src/libgloss/doc/configure --disable-option-checking '--prefix=/home/seed/Downloads/med/worksheet6'  '--with-newlib' '--with-cross-host=i686-pc-linux-gnu' '--disable-newlib-supplied-syscalls' '--with-gnu-as' '--with-gnu-ld' '--enable-multilib=no' '--program-transform-name=s&^&arm-none-eabi-&' '--with-target-subdir=arm-none-eabi' '--build=i686-pc-linux-gnu' '--host=arm-none-eabi' '--target=arm-none-eabi' 'build_alias=i686-pc-linux-gnu' 'host_alias=arm-none-eabi' 'target_alias=arm-none-eabi' 'CCASFLAGS=-march=armv7-m -mcpu=cortex-m3 -mthumb -mthumb-interwork -D__thumb2__' --cache-file=.././config.cache --srcdir=../../../../newlib/src/libgloss/doc
configure:4531: === configuring in arm (/home/seed/Downloads/med/worksheet6/arm-none-eabi/libgloss/arm)
configure:4594: running /bin/bash ../../../../newlib/src/libgloss/arm/configure --disable-option-checking '--prefix=/home/seed/Downloads/med/worksheet6'  '--with-newlib' '--with-cross-host=i686-pc-linux-gnu' '--disable-newlib-supplied-syscalls' '--with-gnu-as' '--with-gnu-ld' '--enable-multilib=no' '--program-transform-name=s&^&arm-none-eabi-&' '--with-target-subdir=arm-none-eabi' '--build=i686-pc-linux-gnu' '--host=arm-none-eabi' '--target=arm-none-eabi' 'build_alias=i686-pc-linux-gnu' 'host_alias=arm-none-eabi' 'target_alias=arm-none-eabi' 'CCASFLAGS=-march=armv7-m -mcpu=cortex-m3 -mthumb -mthumb-interwork -D__thumb2__' --cache-file=.././config.cache --srcdir=../../../../newlib/src/libgloss/arm
configure:4531: === configuring in libnosys (/home/seed/Downloads/med/worksheet6/arm-none-eabi/libgloss/libnosys)
configure:4594: running /bin/bash ../../../../newlib/src/libgloss/libnosys/configure --disable-option-checking '--prefix=/home/seed/Downloads/med/worksheet6'  '--with-newlib' '--with-cross-host=i686-pc-linux-gnu' '--disable-newlib-supplied-syscalls' '--with-gnu-as' '--with-gnu-ld' '--enable-multilib=no' '--program-transform-name=s&^&arm-none-eabi-&' '--with-target-subdir=arm-none-eabi' '--build=i686-pc-linux-gnu' '--host=arm-none-eabi' '--target=arm-none-eabi' 'build_alias=i686-pc-linux-gnu' 'host_alias=arm-none-eabi' 'target_alias=arm-none-eabi' 'CCASFLAGS=-march=armv7-m -mcpu=cortex-m3 -mthumb -mthumb-interwork -D__thumb2__' --cache-file=.././config.cache --srcdir=../../../../newlib/src/libgloss/libnosys

## ---------------- ##
## Cache variables. ##
## ---------------- ##

ac_cv_build=i686-pc-linux-gnu
ac_cv_c_compiler_gnu=yes
ac_cv_env_CCASFLAGS_set=set
ac_cv_env_CCASFLAGS_value='-march=armv7-m -mcpu=cortex-m3 -mthumb -mthumb-interwork -D__thumb2__'
ac_cv_env_CCAS_set=
ac_cv_env_CCAS_value=
ac_cv_env_build_alias_set=set
ac_cv_env_build_alias_value=i686-pc-linux-gnu
ac_cv_env_host_alias_set=set
ac_cv_env_host_alias_value=arm-none-eabi
ac_cv_env_target_alias_set=set
ac_cv_env_target_alias_value=arm-none-eabi
ac_cv_host=arm-none-eabi
ac_cv_prog_AR=arm-none-eabi-ar
ac_cv_prog_AWK=mawk
ac_cv_prog_CC='arm-none-eabi-gcc -B/home/seed/Downloads/med/worksheet6/arm-none-eabi/newlib/ -isystem /home/seed/Downloads/med/worksheet6/arm-none-eabi/newlib/targ-include -isystem /home/seed/Downloads/med/newlib/src/newlib/libc/include -B/home/seed/Downloads/med/worksheet6/arm-none-eabi/libgloss/arm -L/home/seed/Downloads/med/worksheet6/arm-none-eabi/libgloss/libnosys -L/home/seed/Downloads/med/newlib/src/libgloss/arm   '
ac_cv_prog_RANLIB=arm-none-eabi-ranlib
ac_cv_prog_STRIP=arm-none-eabi-strip
ac_cv_prog_cc_g=no
ac_cv_prog_make_make_set=yes
ac_cv_target=arm-none-eabi
am_cv_CC_dependencies_compiler_type=gcc3

## ----------------- ##
## Output variables. ##
## ----------------- ##

ACLOCAL='${SHELL} /home/seed/Downloads/med/newlib/src/missing --run aclocal-1.9'
AMDEPBACKSLASH='\'
AMDEP_FALSE='#'
AMDEP_TRUE=''
AMTAR='${SHELL} /home/seed/Downloads/med/newlib/src/missing --run tar'
AR='arm-none-eabi-ar'
AS='arm-none-eabi-as'
AUTOCONF='${SHELL} /home/seed/Downloads/med/newlib/src/missing --run autoconf'
AUTOHEADER='${SHELL} /home/seed/Downloads/med/newlib/src/missing --run autoheader'
AUTOMAKE='${SHELL} /home/seed/Downloads/med/newlib/src/missing --run automake-1.9'
AWK='mawk'
CC='arm-none-eabi-gcc -B/home/seed/Downloads/med/worksheet6/arm-none-eabi/newlib/ -isystem /home/seed/Downloads/med/worksheet6/arm-none-eabi/newlib/targ-include -isystem /home/seed/Downloads/med/newlib/src/newlib/libc/include -B/home/seed/Downloads/med/worksheet6/arm-none-eabi/libgloss/arm -L/home/seed/Downloads/med/worksheet6/arm-none-eabi/libgloss/libnosys -L/home/seed/Downloads/med/newlib/src/libgloss/arm   '
CCAS='arm-none-eabi-gcc -B/home/seed/Downloads/med/worksheet6/arm-none-eabi/newlib/ -isystem /home/seed/Downloads/med/worksheet6/arm-none-eabi/newlib/targ-include -isystem /home/seed/Downloads/med/newlib/src/newlib/libc/include -B/home/seed/Downloads/med/worksheet6/arm-none-eabi/libgloss/arm -L/home/seed/Downloads/med/worksheet6/arm-none-eabi/libgloss/libnosys -L/home/seed/Downloads/med/newlib/src/libgloss/arm   '
CCASFLAGS='-march=armv7-m -mcpu=cortex-m3 -mthumb -mthumb-interwork -D__thumb2__'
CCDEPMODE='depmode=gcc3'
CYGPATH_W='echo'
DEFS='-DPACKAGE_NAME=\"libgloss\" -DPACKAGE_TARNAME=\"libgloss\" -DPACKAGE_VERSION=\"LIBGLOSS_VERSION\" -DPACKAGE_STRING=\"libgloss\ LIBGLOSS_VERSION\" -DPACKAGE_BUGREPORT=\"\" -DPACKAGE_URL=\"\"'
DEPDIR='.deps'
ECHO_C=''
ECHO_N='-n'
ECHO_T=''
INSTALL_DATA='/usr/bin/install -c -m 644'
INSTALL_PROGRAM='/usr/bin/install -c'
INSTALL_SCRIPT='/usr/bin/install -c'
INSTALL_STRIP_PROGRAM='${SHELL} $(install_sh) -c -s'
LD='arm-none-eabi-ld'
LIBOBJS=''
LIBS=''
LTLIBOBJS=''
MAKEINFO='makeinfo --split-size=5000000'
PACKAGE='libgloss'
PACKAGE_BUGREPORT=''
PACKAGE_NAME='libgloss'
PACKAGE_STRING='libgloss LIBGLOSS_VERSION'
PACKAGE_TARNAME='libgloss'
PACKAGE_URL=''
PACKAGE_VERSION='LIBGLOSS_VERSION'
PATH_SEPARATOR=':'
RANLIB='arm-none-eabi-ranlib'
SET_MAKE=''
SHELL='/bin/bash'
STRIP='arm-none-eabi-strip'
VERSION='LIBGLOSS_VERSION'
am__fastdepCC_FALSE='#'
am__fastdepCC_TRUE=''
am__include='include'
am__leading_dot='.'
am__quote=''
am__tar='${AMTAR} chof - "$$tardir"'
am__untar='${AMTAR} xf -'
bindir='${exec_prefix}/bin'
build='i686-pc-linux-gnu'
build_alias='i686-pc-linux-gnu'
build_cpu='i686'
build_os='linux-gnu'
build_vendor='pc'
datadir='${datarootdir}'
datarootdir='${prefix}/share'
docdir='${datarootdir}/doc/${PACKAGE_TARNAME}'
dvidir='${docdir}'
exec_prefix='${prefix}'
host='arm-none-eabi'
host_alias='arm-none-eabi'
host_cpu='arm'
host_makefile_frag_path='../../../newlib/src/libgloss/config/default.mh'
host_os='eabi'
host_vendor='none'
htmldir='${docdir}'
includedir='${prefix}/include'
infodir='${datarootdir}/info'
install_sh='/home/seed/Downloads/med/newlib/src/install-sh'
libdir='${exec_prefix}/lib'
libexecdir='${exec_prefix}/libexec'
localedir='${datarootdir}/locale'
localstatedir='${prefix}/var'
mandir='${datarootdir}/man'
mkdir_p='mkdir -p --'
oldincludedir='/usr/include'
pdfdir='${docdir}'
prefix='/home/seed/Downloads/med/worksheet6'
program_transform_name='s&^&arm-none-eabi-&'
psdir='${docdir}'
sbindir='${exec_prefix}/sbin'
sharedstatedir='${prefix}/com'
subdirs=' doc arm libnosys'
sysconfdir='${prefix}/etc'
target='arm-none-eabi'
target_alias='arm-none-eabi'
target_cpu='arm'
target_os='eabi'
target_vendor='none'

## ------------------- ##
## File substitutions. ##
## ------------------- ##

host_makefile_frag='../../../newlib/src/libgloss/config/default.mh'

## ----------- ##
## confdefs.h. ##
## ----------- ##

/* confdefs.h */
#define PACKAGE_NAME "libgloss"
#define PACKAGE_TARNAME "libgloss"
#define PACKAGE_VERSION "LIBGLOSS_VERSION"
#define PACKAGE_STRING "libgloss LIBGLOSS_VERSION"
#define PACKAGE_BUGREPORT ""
#define PACKAGE_URL ""

configure: exit 0
