This file contains any messages produced by compilers while
running configure, to aid debugging if configure makes a mistake.

It was created by newlib configure 2.2.0, which was
generated by GNU Autoconf 2.68.  Invocation command line was

  $ ../../../../../../newlib/src/newlib/libc/machine/arm/configure --disable-option-checking --prefix=/home/seed/Downloads/med/worksheet6 --with-newlib --with-cross-host=i686-pc-linux-gnu --disable-newlib-supplied-syscalls --with-gnu-as --with-gnu-ld --enable-multilib=no --program-transform-name=s&^&arm-none-eabi-& --with-target-subdir=arm-none-eabi --build=i686-pc-linux-gnu --host=arm-none-eabi --target=arm-none-eabi build_alias=i686-pc-linux-gnu host_alias=arm-none-eabi target_alias=arm-none-eabi CCASFLAGS=-march=armv7-m -mcpu=cortex-m3 -mthumb -mthumb-interwork -D__thumb2__ CC=arm-none-eabi-gcc -B/home/seed/Downloads/med/worksheet6/arm-none-eabi/newlib/ -isystem /home/seed/Downloads/med/worksheet6/arm-none-eabi/newlib/targ-include -isystem /home/seed/Downloads/med/newlib/src/newlib/libc/include -B/home/seed/Downloads/med/worksheet6/arm-none-eabi/libgloss/arm -L/home/seed/Downloads/med/worksheet6/arm-none-eabi/libgloss/libnosys -L/home/seed/Downloads/med/newlib/src/libgloss/arm    CFLAGS=-ffunction-sections -fdata-sections -DPREFER_SIZE_OVER_SPEED -D__OPTIMIZE_SIZE__ -Os -fomit-frame-pointer -march=armv7-m -mcpu=cortex-m3 -mthumb -mthumb-interwork -D__thumb2__ -D__BUFSIZ__=256 LDFLAGS= CPPFLAGS= --cache-file=../../.././config.cache --srcdir=../../../../../../newlib/src/newlib/libc/machine/arm

## --------- ##
## Platform. ##
## --------- ##

hostname = VM
uname -m = i686
uname -r = 4.8.0-36-generic
uname -s = Linux
uname -v = #36~16.04.1-Ubuntu SMP Sun Feb 5 09:39:41 UTC 2017

/usr/bin/uname -p = unknown
/bin/uname -X     = unknown

/bin/arch              = unknown
/usr/bin/arch -k       = unknown
/usr/convex/getsysinfo = unknown
/usr/bin/hostinfo      = unknown
/bin/machine           = unknown
/usr/bin/oslevel       = unknown
/bin/universe          = unknown

PATH: /home/seed/bin
PATH: /usr/local/sbin
PATH: /usr/local/bin
PATH: /usr/sbin
PATH: /usr/bin
PATH: /sbin
PATH: /bin
PATH: /usr/games
PATH: /usr/local/games
PATH: .
PATH: /snap/bin
PATH: /usr/lib/jvm/java-8-oracle/bin
PATH: /usr/lib/jvm/java-8-oracle/db/bin
PATH: /usr/lib/jvm/java-8-oracle/jre/bin
PATH: /home/seed/android/android-sdk-linux/tools
PATH: /home/seed/android/android-sdk-linux/platform-tools
PATH: /home/seed/android/android-ndk/android-ndk-r8d
PATH: /home/seed/.local/bin


## ----------- ##
## Core tests. ##
## ----------- ##

configure:1736: loading cache ../../.././config.cache
configure:1854: checking build system type
configure:1868: result: i686-pc-linux-gnu
configure:1888: checking host system type
configure:1901: result: arm-none-eabi
configure:1937: checking for a BSD-compatible install
configure:2005: result: /usr/bin/install -c
configure:2016: checking whether build environment is sane
configure:2066: result: yes
configure:2115: checking for arm-none-eabi-strip
configure:2142: result: arm-none-eabi-strip
configure:2207: checking for a thread-safe mkdir -p
configure:2246: result: /bin/mkdir -p
configure:2259: checking for gawk
configure:2286: result: mawk
configure:2297: checking whether make sets $(MAKE)
configure:2319: result: yes
configure:2349: checking for style of include used by make
configure:2377: result: GNU
configure:2587: checking for gcc
configure:2614: result: arm-none-eabi-gcc -B/home/seed/Downloads/med/worksheet6/arm-none-eabi/newlib/ -isystem /home/seed/Downloads/med/worksheet6/arm-none-eabi/newlib/targ-include -isystem /home/seed/Downloads/med/newlib/src/newlib/libc/include -B/home/seed/Downloads/med/worksheet6/arm-none-eabi/libgloss/arm -L/home/seed/Downloads/med/worksheet6/arm-none-eabi/libgloss/libnosys -L/home/seed/Downloads/med/newlib/src/libgloss/arm   
configure:2625: checking dependency style of arm-none-eabi-gcc -B/home/seed/Downloads/med/worksheet6/arm-none-eabi/newlib/ -isystem /home/seed/Downloads/med/worksheet6/arm-none-eabi/newlib/targ-include -isystem /home/seed/Downloads/med/newlib/src/newlib/libc/include -B/home/seed/Downloads/med/worksheet6/arm-none-eabi/libgloss/arm -L/home/seed/Downloads/med/worksheet6/arm-none-eabi/libgloss/libnosys -L/home/seed/Downloads/med/newlib/src/libgloss/arm   
configure:2736: result: gcc3
configure:2809: checking whether we are using GNU C
configure:2830: result: yes
configure:2839: checking whether arm-none-eabi-gcc -B/home/seed/Downloads/med/worksheet6/arm-none-eabi/newlib/ -isystem /home/seed/Downloads/med/worksheet6/arm-none-eabi/newlib/targ-include -isystem /home/seed/Downloads/med/newlib/src/newlib/libc/include -B/home/seed/Downloads/med/worksheet6/arm-none-eabi/libgloss/arm -L/home/seed/Downloads/med/worksheet6/arm-none-eabi/libgloss/libnosys -L/home/seed/Downloads/med/newlib/src/libgloss/arm    accepts -g
configure:2900: result: no
configure:2933: checking for arm-none-eabi-as
configure:2960: result: arm-none-eabi-as
configure:3025: checking for arm-none-eabi-ar
configure:3052: result: arm-none-eabi-ar
configure:3117: checking for arm-none-eabi-ranlib
configure:3144: result: arm-none-eabi-ranlib
configure:3209: checking for arm-none-eabi-readelf
configure:3236: result: arm-none-eabi-readelf
configure:3305: checking whether to enable maintainer-specific portions of Makefiles
configure:3314: result: no
configure:3424: checking whether we are using thumb1
configure:3442: arm-none-eabi-gcc -B/home/seed/Downloads/med/worksheet6/arm-none-eabi/newlib/ -isystem /home/seed/Downloads/med/worksheet6/arm-none-eabi/newlib/targ-include -isystem /home/seed/Downloads/med/newlib/src/newlib/libc/include -B/home/seed/Downloads/med/worksheet6/arm-none-eabi/libgloss/arm -L/home/seed/Downloads/med/worksheet6/arm-none-eabi/libgloss/libnosys -L/home/seed/Downloads/med/newlib/src/libgloss/arm    -ffunction-sections -fdata-sections -DPREFER_SIZE_OVER_SPEED -D__OPTIMIZE_SIZE__ -Os -fomit-frame-pointer -march=armv7-m -mcpu=cortex-m3 -mthumb -mthumb-interwork -D__thumb2__ -D__BUFSIZ__=256  -c -o conftest.o conftest.c
							1>&5
conftest.c:5:4: error: #error "not thumb1"
   #error "not thumb1"
    ^
configure:3445: $? = 1
configure:3454: result: no
configure:3466: checking whether the size is preferred
configure:3484: arm-none-eabi-gcc -B/home/seed/Downloads/med/worksheet6/arm-none-eabi/newlib/ -isystem /home/seed/Downloads/med/worksheet6/arm-none-eabi/newlib/targ-include -isystem /home/seed/Downloads/med/newlib/src/newlib/libc/include -B/home/seed/Downloads/med/worksheet6/arm-none-eabi/libgloss/arm -L/home/seed/Downloads/med/worksheet6/arm-none-eabi/libgloss/libnosys -L/home/seed/Downloads/med/newlib/src/libgloss/arm    -ffunction-sections -fdata-sections -DPREFER_SIZE_OVER_SPEED -D__OPTIMIZE_SIZE__ -Os -fomit-frame-pointer -march=armv7-m -mcpu=cortex-m3 -mthumb -mthumb-interwork -D__thumb2__ -D__BUFSIZ__=256  -c -o conftest.o conftest.c
							1>&5
configure:3487: $? = 0
configure:3496: result: yes
configure:3508: checking whether armv7 processor is supported
configure:3526: arm-none-eabi-gcc -B/home/seed/Downloads/med/worksheet6/arm-none-eabi/newlib/ -isystem /home/seed/Downloads/med/worksheet6/arm-none-eabi/newlib/targ-include -isystem /home/seed/Downloads/med/newlib/src/newlib/libc/include -B/home/seed/Downloads/med/worksheet6/arm-none-eabi/libgloss/arm -L/home/seed/Downloads/med/worksheet6/arm-none-eabi/libgloss/libnosys -L/home/seed/Downloads/med/newlib/src/libgloss/arm    -ffunction-sections -fdata-sections -DPREFER_SIZE_OVER_SPEED -D__OPTIMIZE_SIZE__ -Os -fomit-frame-pointer -march=armv7-m -mcpu=cortex-m3 -mthumb -mthumb-interwork -D__thumb2__ -D__BUFSIZ__=256  -c -o conftest.o conftest.c
							1>&5
conftest.c:5:4: error: #error "ARMV7 is not supported."
   #error "ARMV7 is not supported."
    ^
configure:3529: $? = 1
configure:3538: result: no
configure:3550: checking whether armv7a processor is supported
configure:3568: arm-none-eabi-gcc -B/home/seed/Downloads/med/worksheet6/arm-none-eabi/newlib/ -isystem /home/seed/Downloads/med/worksheet6/arm-none-eabi/newlib/targ-include -isystem /home/seed/Downloads/med/newlib/src/newlib/libc/include -B/home/seed/Downloads/med/worksheet6/arm-none-eabi/libgloss/arm -L/home/seed/Downloads/med/worksheet6/arm-none-eabi/libgloss/libnosys -L/home/seed/Downloads/med/newlib/src/libgloss/arm    -ffunction-sections -fdata-sections -DPREFER_SIZE_OVER_SPEED -D__OPTIMIZE_SIZE__ -Os -fomit-frame-pointer -march=armv7-m -mcpu=cortex-m3 -mthumb -mthumb-interwork -D__thumb2__ -D__BUFSIZ__=256  -c -o conftest.o conftest.c
							1>&5
conftest.c:5:4: error: #error "ARMV7A is not supported."
   #error "ARMV7A is not supported."
    ^
configure:3571: $? = 1
configure:3580: result: no
configure:3592: checking whether armv7m processor is supported
configure:3610: arm-none-eabi-gcc -B/home/seed/Downloads/med/worksheet6/arm-none-eabi/newlib/ -isystem /home/seed/Downloads/med/worksheet6/arm-none-eabi/newlib/targ-include -isystem /home/seed/Downloads/med/newlib/src/newlib/libc/include -B/home/seed/Downloads/med/worksheet6/arm-none-eabi/libgloss/arm -L/home/seed/Downloads/med/worksheet6/arm-none-eabi/libgloss/libnosys -L/home/seed/Downloads/med/newlib/src/libgloss/arm    -ffunction-sections -fdata-sections -DPREFER_SIZE_OVER_SPEED -D__OPTIMIZE_SIZE__ -Os -fomit-frame-pointer -march=armv7-m -mcpu=cortex-m3 -mthumb -mthumb-interwork -D__thumb2__ -D__BUFSIZ__=256  -c -o conftest.o conftest.c
							1>&5
configure:3613: $? = 0
configure:3622: result: yes
configure:3703: updating cache ../../.././config.cache
configure:3849: creating ./config.status

## ---------------------- ##
## Running config.status. ##
## ---------------------- ##

This file was extended by newlib config.status 2.2.0, which was
generated by GNU Autoconf 2.68.  Invocation command line was

  CONFIG_FILES    = 
  CONFIG_HEADERS  = 
  CONFIG_LINKS    = 
  CONFIG_COMMANDS = 
  $ ./config.status 

on VM

config.status:830: creating Makefile
config.status:987: executing depfiles commands

## ---------------- ##
## Cache variables. ##
## ---------------- ##

ac_cv_build=i686-pc-linux-gnu
ac_cv_c_compiler_gnu=yes
ac_cv_env_CCASFLAGS_set=set
ac_cv_env_CCASFLAGS_value='-march=armv7-m -mcpu=cortex-m3 -mthumb -mthumb-interwork -D__thumb2__'
ac_cv_env_CCAS_set=
ac_cv_env_CCAS_value=
ac_cv_env_CC_set=set
ac_cv_env_CC_value='arm-none-eabi-gcc -B/home/seed/Downloads/med/worksheet6/arm-none-eabi/newlib/ -isystem /home/seed/Downloads/med/worksheet6/arm-none-eabi/newlib/targ-include -isystem /home/seed/Downloads/med/newlib/src/newlib/libc/include -B/home/seed/Downloads/med/worksheet6/arm-none-eabi/libgloss/arm -L/home/seed/Downloads/med/worksheet6/arm-none-eabi/libgloss/libnosys -L/home/seed/Downloads/med/newlib/src/libgloss/arm   '
ac_cv_env_CFLAGS_set=set
ac_cv_env_CFLAGS_value='-ffunction-sections -fdata-sections -DPREFER_SIZE_OVER_SPEED -D__OPTIMIZE_SIZE__ -Os -fomit-frame-pointer -march=armv7-m -mcpu=cortex-m3 -mthumb -mthumb-interwork -D__thumb2__ -D__BUFSIZ__=256'
ac_cv_env_CPPFLAGS_set=set
ac_cv_env_CPPFLAGS_value=
ac_cv_env_CPP_set=
ac_cv_env_CPP_value=
ac_cv_env_LDFLAGS_set=set
ac_cv_env_LDFLAGS_value=
ac_cv_env_LIBS_set=
ac_cv_env_LIBS_value=
ac_cv_env_build_alias_set=set
ac_cv_env_build_alias_value=i686-pc-linux-gnu
ac_cv_env_host_alias_set=set
ac_cv_env_host_alias_value=arm-none-eabi
ac_cv_env_target_alias_set=set
ac_cv_env_target_alias_value=arm-none-eabi
ac_cv_host=arm-none-eabi
ac_cv_path_SED=/bin/sed
ac_cv_path_mkdir=/bin/mkdir
ac_cv_prog_AR=arm-none-eabi-ar
ac_cv_prog_AS=arm-none-eabi-as
ac_cv_prog_AWK=mawk
ac_cv_prog_CC='arm-none-eabi-gcc -B/home/seed/Downloads/med/worksheet6/arm-none-eabi/newlib/ -isystem /home/seed/Downloads/med/worksheet6/arm-none-eabi/newlib/targ-include -isystem /home/seed/Downloads/med/newlib/src/newlib/libc/include -B/home/seed/Downloads/med/worksheet6/arm-none-eabi/libgloss/arm -L/home/seed/Downloads/med/worksheet6/arm-none-eabi/libgloss/libnosys -L/home/seed/Downloads/med/newlib/src/libgloss/arm   '
ac_cv_prog_RANLIB=arm-none-eabi-ranlib
ac_cv_prog_READELF=arm-none-eabi-readelf
ac_cv_prog_STRIP=arm-none-eabi-strip
ac_cv_prog_cc_g=no
ac_cv_prog_make_make_set=yes
acnewlib_cv_armv7_processor=no
acnewlib_cv_armv7a_processor=no
acnewlib_cv_armv7m_processor=yes
acnewlib_cv_opt_size=yes
acnewlib_cv_thumb1_processor=no
acnewlib_cv_type_long_double=yes
am_cv_CC_dependencies_compiler_type=gcc3
libc_cv_cc_loop_to_function=yes
libc_cv_initfinit_array=yes
newlib_cv_ldbl_eq_dbl=yes
newlib_cv_uintptr_eq_ulong=no
newlib_cv_uintptr_eq_ulonglong=no

## ----------------- ##
## Output variables. ##
## ----------------- ##

ACLOCAL='${SHELL} /home/seed/Downloads/med/newlib/src/missing --run aclocal-1.11'
AMDEPBACKSLASH='\'
AMDEP_FALSE='#'
AMDEP_TRUE=''
AMTAR='$${TAR-tar}'
AR='arm-none-eabi-ar'
AS='arm-none-eabi-as'
AUTOCONF='${SHELL} /home/seed/Downloads/med/newlib/src/missing --run autoconf'
AUTOHEADER='${SHELL} /home/seed/Downloads/med/newlib/src/missing --run autoheader'
AUTOMAKE='${SHELL} /home/seed/Downloads/med/newlib/src/missing --run automake-1.11'
AWK='mawk'
CC='arm-none-eabi-gcc -B/home/seed/Downloads/med/worksheet6/arm-none-eabi/newlib/ -isystem /home/seed/Downloads/med/worksheet6/arm-none-eabi/newlib/targ-include -isystem /home/seed/Downloads/med/newlib/src/newlib/libc/include -B/home/seed/Downloads/med/worksheet6/arm-none-eabi/libgloss/arm -L/home/seed/Downloads/med/worksheet6/arm-none-eabi/libgloss/libnosys -L/home/seed/Downloads/med/newlib/src/libgloss/arm   '
CCAS='arm-none-eabi-gcc -B/home/seed/Downloads/med/worksheet6/arm-none-eabi/newlib/ -isystem /home/seed/Downloads/med/worksheet6/arm-none-eabi/newlib/targ-include -isystem /home/seed/Downloads/med/newlib/src/newlib/libc/include -B/home/seed/Downloads/med/worksheet6/arm-none-eabi/libgloss/arm -L/home/seed/Downloads/med/worksheet6/arm-none-eabi/libgloss/libnosys -L/home/seed/Downloads/med/newlib/src/libgloss/arm   '
CCASFLAGS='-march=armv7-m -mcpu=cortex-m3 -mthumb -mthumb-interwork -D__thumb2__'
CCDEPMODE='depmode=gcc3'
CFLAGS='-ffunction-sections -fdata-sections -DPREFER_SIZE_OVER_SPEED -D__OPTIMIZE_SIZE__ -Os -fomit-frame-pointer -march=armv7-m -mcpu=cortex-m3 -mthumb -mthumb-interwork -D__thumb2__ -D__BUFSIZ__=256'
CYGPATH_W='echo'
DEFS='-DPACKAGE_NAME=\"newlib\" -DPACKAGE_TARNAME=\"newlib\" -DPACKAGE_VERSION=\"2.2.0\" -DPACKAGE_STRING=\"newlib\ 2.2.0\" -DPACKAGE_BUGREPORT=\"\" -DPACKAGE_URL=\"\"'
DEPDIR='.deps'
ECHO_C=''
ECHO_N='-n'
ECHO_T=''
ELIX_LEVEL_0_FALSE='#'
ELIX_LEVEL_0_TRUE=''
ELIX_LEVEL_1_FALSE=''
ELIX_LEVEL_1_TRUE='#'
ELIX_LEVEL_2_FALSE=''
ELIX_LEVEL_2_TRUE='#'
ELIX_LEVEL_3_FALSE=''
ELIX_LEVEL_3_TRUE='#'
ELIX_LEVEL_4_FALSE=''
ELIX_LEVEL_4_TRUE='#'
HAVE_ARMV7A_FALSE=''
HAVE_ARMV7A_TRUE='#'
HAVE_ARMV7M_FALSE='#'
HAVE_ARMV7M_TRUE=''
HAVE_ARMV7_FALSE=''
HAVE_ARMV7_TRUE='#'
HAVE_THUMB1_FALSE=''
HAVE_THUMB1_TRUE='#'
INSTALL_DATA='/usr/bin/install -c -m 644'
INSTALL_PROGRAM='/usr/bin/install -c'
INSTALL_SCRIPT='/usr/bin/install -c'
INSTALL_STRIP_PROGRAM='$(install_sh) -c -s'
LDFLAGS=''
LIBOBJS=''
LIBS=''
LTLIBOBJS=''
MAINT='#'
MAINTAINER_MODE_FALSE=''
MAINTAINER_MODE_TRUE='#'
MAKEINFO='makeinfo --split-size=5000000'
MAY_SUPPLY_SYSCALLS_FALSE=''
MAY_SUPPLY_SYSCALLS_TRUE='#'
MKDIR_P='/bin/mkdir -p'
NEWLIB_CFLAGS=' -D__NO_SYSCALLS__ -fno-builtin'
NO_INCLUDE_LIST=' rpc/types.h rpc/xdr.h'
OBJEXT='o'
OPT_SIZE_FALSE='#'
OPT_SIZE_TRUE=''
PACKAGE='newlib'
PACKAGE_BUGREPORT=''
PACKAGE_NAME='newlib'
PACKAGE_STRING='newlib 2.2.0'
PACKAGE_TARNAME='newlib'
PACKAGE_URL=''
PACKAGE_VERSION='2.2.0'
PATH_SEPARATOR=':'
RANLIB='arm-none-eabi-ranlib'
READELF='arm-none-eabi-readelf'
SET_MAKE=''
SHELL='/bin/bash'
STRIP='arm-none-eabi-strip'
USE_LIBTOOL_FALSE=''
USE_LIBTOOL_TRUE='#'
VERSION='2.2.0'
aext='a'
am__fastdepCC_FALSE='#'
am__fastdepCC_TRUE=''
am__include='include'
am__isrc=' -I$(srcdir)'
am__leading_dot='.'
am__nodep='_no'
am__quote=''
am__tar='$${TAR-tar} chof - "$$tardir"'
am__untar='$${TAR-tar} xf -'
bindir='${exec_prefix}/bin'
build='i686-pc-linux-gnu'
build_alias='i686-pc-linux-gnu'
build_cpu='i686'
build_os='linux-gnu'
build_vendor='pc'
datadir='${datarootdir}'
datarootdir='${prefix}/share'
docdir='${datarootdir}/doc/${PACKAGE_TARNAME}'
dvidir='${docdir}'
exec_prefix='${prefix}'
host='arm-none-eabi'
host_alias='arm-none-eabi'
host_cpu='arm'
host_os='eabi'
host_vendor='none'
htmldir='${docdir}'
includedir='${prefix}/include'
infodir='${datarootdir}/info'
install_sh='${SHELL} /home/seed/Downloads/med/newlib/src/install-sh'
libdir='${exec_prefix}/lib'
libexecdir='${exec_prefix}/libexec'
libm_machine_dir='arm'
localedir='${datarootdir}/locale'
localstatedir='${prefix}/var'
lpfx='lib_a-'
machine_dir='arm'
mandir='${datarootdir}/man'
mkdir_p='/bin/mkdir -p'
newlib_basedir='../../../../../../newlib/src/newlib/libc/machine/arm/../../..'
oext='o'
oldincludedir='/usr/include'
pdfdir='${docdir}'
prefix='/home/seed/Downloads/med/worksheet6'
program_transform_name='s&^&arm-none-eabi-&'
psdir='${docdir}'
sbindir='${exec_prefix}/sbin'
sharedstatedir='${prefix}/com'
sys_dir='arm'
sysconfdir='${prefix}/etc'
target_alias='arm-none-eabi'

## ----------- ##
## confdefs.h. ##
## ----------- ##

/* confdefs.h */
#define PACKAGE_NAME "newlib"
#define PACKAGE_TARNAME "newlib"
#define PACKAGE_VERSION "2.2.0"
#define PACKAGE_STRING "newlib 2.2.0"
#define PACKAGE_BUGREPORT ""
#define PACKAGE_URL ""

configure: exit 0
